Determining if the function sgemm_ exists failed with the following output:
Change Dir: /mnt/c/WorkSpace/slam/VINS-Fusion/src/vins_estimator/Debug-build/CMakeFiles/CMakeTmp

Run Build Command(s):/usr/bin/make -f Makefile cmTC_3fa2e/fast && /usr/bin/make  -f CMakeFiles/cmTC_3fa2e.dir/build.make CMakeFiles/cmTC_3fa2e.dir/build
make[1]: Entering directory '/mnt/c/WorkSpace/slam/VINS-Fusion/src/vins_estimator/Debug-build/CMakeFiles/CMakeTmp'
Building C object CMakeFiles/cmTC_3fa2e.dir/CheckFunctionExists.c.o
/usr/bin/gcc-11   -DCHECK_FUNCTION_EXISTS=sgemm_ -o CMakeFiles/cmTC_3fa2e.dir/CheckFunctionExists.c.o -c /usr/share/cmake-3.22/Modules/CheckFunctionExists.c
Linking C executable cmTC_3fa2e
/usr/bin/cmake -E cmake_link_script CMakeFiles/cmTC_3fa2e.dir/link.txt --verbose=1
/usr/bin/gcc-11  -DCHECK_FUNCTION_EXISTS=sgemm_ CMakeFiles/cmTC_3fa2e.dir/CheckFunctionExists.c.o -o cmTC_3fa2e 
/usr/bin/ld: CMakeFiles/cmTC_3fa2e.dir/CheckFunctionExists.c.o: in function `main':
CheckFunctionExists.c:(.text+0x14): undefined reference to `sgemm_'
collect2: error: ld returned 1 exit status
make[1]: *** [CMakeFiles/cmTC_3fa2e.dir/build.make:99: cmTC_3fa2e] Error 1
make[1]: Leaving directory '/mnt/c/WorkSpace/slam/VINS-Fusion/src/vins_estimator/Debug-build/CMakeFiles/CMakeTmp'
make: *** [Makefile:127: cmTC_3fa2e/fast] Error 2



Determining if the function cheev_ exists failed with the following output:
Change Dir: /mnt/c/WorkSpace/slam/VINS-Fusion/src/vins_estimator/Debug-build/CMakeFiles/CMakeTmp

Run Build Command(s):/usr/bin/make -f Makefile cmTC_96c82/fast && /usr/bin/make  -f CMakeFiles/cmTC_96c82.dir/build.make CMakeFiles/cmTC_96c82.dir/build
make[1]: Entering directory '/mnt/c/WorkSpace/slam/VINS-Fusion/src/vins_estimator/Debug-build/CMakeFiles/CMakeTmp'
Building C object CMakeFiles/cmTC_96c82.dir/CheckFunctionExists.c.o
/usr/bin/gcc-11   -DCHECK_FUNCTION_EXISTS=cheev_ -o CMakeFiles/cmTC_96c82.dir/CheckFunctionExists.c.o -c /usr/share/cmake-3.22/Modules/CheckFunctionExists.c
Linking C executable cmTC_96c82
/usr/bin/cmake -E cmake_link_script CMakeFiles/cmTC_96c82.dir/link.txt --verbose=1
/usr/bin/gcc-11  -DCHECK_FUNCTION_EXISTS=cheev_ CMakeFiles/cmTC_96c82.dir/CheckFunctionExists.c.o -o cmTC_96c82  /usr/lib/x86_64-linux-gnu/libblas.so /usr/lib/x86_64-linux-gnu/libf77blas.so /usr/lib/x86_64-linux-gnu/libatlas.so -lm -ldl 
/usr/bin/ld: CMakeFiles/cmTC_96c82.dir/CheckFunctionExists.c.o: in function `main':
CheckFunctionExists.c:(.text+0x14): undefined reference to `cheev_'
collect2: error: ld returned 1 exit status
make[1]: *** [CMakeFiles/cmTC_96c82.dir/build.make:102: cmTC_96c82] Error 1
make[1]: Leaving directory '/mnt/c/WorkSpace/slam/VINS-Fusion/src/vins_estimator/Debug-build/CMakeFiles/CMakeTmp'
make: *** [Makefile:127: cmTC_96c82/fast] Error 2



Determining if the function cheev_ exists failed with the following output:
Change Dir: /mnt/c/WorkSpace/slam/VINS-Fusion/src/vins_estimator/Debug-build/CMakeFiles/CMakeTmp

Run Build Command(s):/usr/bin/make -f Makefile cmTC_30784/fast && /usr/bin/make  -f CMakeFiles/cmTC_30784.dir/build.make CMakeFiles/cmTC_30784.dir/build
make[1]: Entering directory '/mnt/c/WorkSpace/slam/VINS-Fusion/src/vins_estimator/Debug-build/CMakeFiles/CMakeTmp'
Building C object CMakeFiles/cmTC_30784.dir/CheckFunctionExists.c.o
/usr/bin/gcc-11   -DCHECK_FUNCTION_EXISTS=cheev_ -o CMakeFiles/cmTC_30784.dir/CheckFunctionExists.c.o -c /usr/share/cmake-3.22/Modules/CheckFunctionExists.c
Linking C executable cmTC_30784
/usr/bin/cmake -E cmake_link_script CMakeFiles/cmTC_30784.dir/link.txt --verbose=1
/usr/bin/gcc-11  -DCHECK_FUNCTION_EXISTS=cheev_ CMakeFiles/cmTC_30784.dir/CheckFunctionExists.c.o -o cmTC_30784  /usr/lib/x86_64-linux-gnu/liblapack.so /usr/lib/x86_64-linux-gnu/libblas.so /usr/lib/x86_64-linux-gnu/libf77blas.so /usr/lib/x86_64-linux-gnu/libatlas.so -fortranlibs 
gcc-11: error: unrecognized command-line option ‘-fortranlibs’
make[1]: *** [CMakeFiles/cmTC_30784.dir/build.make:103: cmTC_30784] Error 1
make[1]: Leaving directory '/mnt/c/WorkSpace/slam/VINS-Fusion/src/vins_estimator/Debug-build/CMakeFiles/CMakeTmp'
make: *** [Makefile:127: cmTC_30784/fast] Error 2



