Determining if the function sgemm_ exists failed with the following output:
Change Dir: /mnt/c/WorkSpace/slam/VINS-Fusion/src/camera_models/Debug-build/CMakeFiles/CMakeTmp

Run Build Command(s):/usr/bin/make -f Makefile cmTC_4ca94/fast && /usr/bin/make  -f CMakeFiles/cmTC_4ca94.dir/build.make CMakeFiles/cmTC_4ca94.dir/build
make[1]: Entering directory '/mnt/c/WorkSpace/slam/VINS-Fusion/src/camera_models/Debug-build/CMakeFiles/CMakeTmp'
Building C object CMakeFiles/cmTC_4ca94.dir/CheckFunctionExists.c.o
/usr/bin/gcc-11   -DCHECK_FUNCTION_EXISTS=sgemm_ -o CMakeFiles/cmTC_4ca94.dir/CheckFunctionExists.c.o -c /usr/share/cmake-3.22/Modules/CheckFunctionExists.c
Linking C executable cmTC_4ca94
/usr/bin/cmake -E cmake_link_script CMakeFiles/cmTC_4ca94.dir/link.txt --verbose=1
/usr/bin/gcc-11  -DCHECK_FUNCTION_EXISTS=sgemm_ CMakeFiles/cmTC_4ca94.dir/CheckFunctionExists.c.o -o cmTC_4ca94 
/usr/bin/ld: CMakeFiles/cmTC_4ca94.dir/CheckFunctionExists.c.o: in function `main':
CheckFunctionExists.c:(.text+0x14): undefined reference to `sgemm_'
collect2: error: ld returned 1 exit status
make[1]: *** [CMakeFiles/cmTC_4ca94.dir/build.make:99: cmTC_4ca94] Error 1
make[1]: Leaving directory '/mnt/c/WorkSpace/slam/VINS-Fusion/src/camera_models/Debug-build/CMakeFiles/CMakeTmp'
make: *** [Makefile:127: cmTC_4ca94/fast] Error 2



Determining if the function cheev_ exists failed with the following output:
Change Dir: /mnt/c/WorkSpace/slam/VINS-Fusion/src/camera_models/Debug-build/CMakeFiles/CMakeTmp

Run Build Command(s):/usr/bin/make -f Makefile cmTC_f6770/fast && /usr/bin/make  -f CMakeFiles/cmTC_f6770.dir/build.make CMakeFiles/cmTC_f6770.dir/build
make[1]: Entering directory '/mnt/c/WorkSpace/slam/VINS-Fusion/src/camera_models/Debug-build/CMakeFiles/CMakeTmp'
Building C object CMakeFiles/cmTC_f6770.dir/CheckFunctionExists.c.o
/usr/bin/gcc-11   -DCHECK_FUNCTION_EXISTS=cheev_ -o CMakeFiles/cmTC_f6770.dir/CheckFunctionExists.c.o -c /usr/share/cmake-3.22/Modules/CheckFunctionExists.c
Linking C executable cmTC_f6770
/usr/bin/cmake -E cmake_link_script CMakeFiles/cmTC_f6770.dir/link.txt --verbose=1
/usr/bin/gcc-11  -DCHECK_FUNCTION_EXISTS=cheev_ CMakeFiles/cmTC_f6770.dir/CheckFunctionExists.c.o -o cmTC_f6770  /usr/lib/x86_64-linux-gnu/libblas.so /usr/lib/x86_64-linux-gnu/libf77blas.so /usr/lib/x86_64-linux-gnu/libatlas.so -lm -ldl 
/usr/bin/ld: CMakeFiles/cmTC_f6770.dir/CheckFunctionExists.c.o: in function `main':
CheckFunctionExists.c:(.text+0x14): undefined reference to `cheev_'
collect2: error: ld returned 1 exit status
make[1]: *** [CMakeFiles/cmTC_f6770.dir/build.make:102: cmTC_f6770] Error 1
make[1]: Leaving directory '/mnt/c/WorkSpace/slam/VINS-Fusion/src/camera_models/Debug-build/CMakeFiles/CMakeTmp'
make: *** [Makefile:127: cmTC_f6770/fast] Error 2



Determining if the function cheev_ exists failed with the following output:
Change Dir: /mnt/c/WorkSpace/slam/VINS-Fusion/src/camera_models/Debug-build/CMakeFiles/CMakeTmp

Run Build Command(s):/usr/bin/make -f Makefile cmTC_0dcdf/fast && /usr/bin/make  -f CMakeFiles/cmTC_0dcdf.dir/build.make CMakeFiles/cmTC_0dcdf.dir/build
make[1]: Entering directory '/mnt/c/WorkSpace/slam/VINS-Fusion/src/camera_models/Debug-build/CMakeFiles/CMakeTmp'
Building C object CMakeFiles/cmTC_0dcdf.dir/CheckFunctionExists.c.o
/usr/bin/gcc-11   -DCHECK_FUNCTION_EXISTS=cheev_ -o CMakeFiles/cmTC_0dcdf.dir/CheckFunctionExists.c.o -c /usr/share/cmake-3.22/Modules/CheckFunctionExists.c
Linking C executable cmTC_0dcdf
/usr/bin/cmake -E cmake_link_script CMakeFiles/cmTC_0dcdf.dir/link.txt --verbose=1
/usr/bin/gcc-11  -DCHECK_FUNCTION_EXISTS=cheev_ CMakeFiles/cmTC_0dcdf.dir/CheckFunctionExists.c.o -o cmTC_0dcdf  /usr/lib/x86_64-linux-gnu/liblapack.so /usr/lib/x86_64-linux-gnu/libblas.so /usr/lib/x86_64-linux-gnu/libf77blas.so /usr/lib/x86_64-linux-gnu/libatlas.so -fortranlibs 
gcc-11: error: unrecognized command-line option ‘-fortranlibs’
make[1]: *** [CMakeFiles/cmTC_0dcdf.dir/build.make:103: cmTC_0dcdf] Error 1
make[1]: Leaving directory '/mnt/c/WorkSpace/slam/VINS-Fusion/src/camera_models/Debug-build/CMakeFiles/CMakeTmp'
make: *** [Makefile:127: cmTC_0dcdf/fast] Error 2



