Determining if the function sgemm_ exists failed with the following output:
Change Dir: /mnt/c/WorkSpace/slam/VINS-Fusion/src/loop_fusion/Debug-build/CMakeFiles/CMakeTmp

Run Build Command(s):/usr/bin/make -f Makefile cmTC_5d2db/fast && /usr/bin/make  -f CMakeFiles/cmTC_5d2db.dir/build.make CMakeFiles/cmTC_5d2db.dir/build
make[1]: Entering directory '/mnt/c/WorkSpace/slam/VINS-Fusion/src/loop_fusion/Debug-build/CMakeFiles/CMakeTmp'
Building C object CMakeFiles/cmTC_5d2db.dir/CheckFunctionExists.c.o
/usr/bin/gcc-11   -DCHECK_FUNCTION_EXISTS=sgemm_ -o CMakeFiles/cmTC_5d2db.dir/CheckFunctionExists.c.o -c /usr/share/cmake-3.22/Modules/CheckFunctionExists.c
Linking C executable cmTC_5d2db
/usr/bin/cmake -E cmake_link_script CMakeFiles/cmTC_5d2db.dir/link.txt --verbose=1
/usr/bin/gcc-11  -DCHECK_FUNCTION_EXISTS=sgemm_ CMakeFiles/cmTC_5d2db.dir/CheckFunctionExists.c.o -o cmTC_5d2db 
/usr/bin/ld: CMakeFiles/cmTC_5d2db.dir/CheckFunctionExists.c.o: in function `main':
CheckFunctionExists.c:(.text+0x14): undefined reference to `sgemm_'
collect2: error: ld returned 1 exit status
make[1]: *** [CMakeFiles/cmTC_5d2db.dir/build.make:99: cmTC_5d2db] Error 1
make[1]: Leaving directory '/mnt/c/WorkSpace/slam/VINS-Fusion/src/loop_fusion/Debug-build/CMakeFiles/CMakeTmp'
make: *** [Makefile:127: cmTC_5d2db/fast] Error 2



Determining if the function cheev_ exists failed with the following output:
Change Dir: /mnt/c/WorkSpace/slam/VINS-Fusion/src/loop_fusion/Debug-build/CMakeFiles/CMakeTmp

Run Build Command(s):/usr/bin/make -f Makefile cmTC_308c5/fast && /usr/bin/make  -f CMakeFiles/cmTC_308c5.dir/build.make CMakeFiles/cmTC_308c5.dir/build
make[1]: Entering directory '/mnt/c/WorkSpace/slam/VINS-Fusion/src/loop_fusion/Debug-build/CMakeFiles/CMakeTmp'
Building C object CMakeFiles/cmTC_308c5.dir/CheckFunctionExists.c.o
/usr/bin/gcc-11   -DCHECK_FUNCTION_EXISTS=cheev_ -o CMakeFiles/cmTC_308c5.dir/CheckFunctionExists.c.o -c /usr/share/cmake-3.22/Modules/CheckFunctionExists.c
Linking C executable cmTC_308c5
/usr/bin/cmake -E cmake_link_script CMakeFiles/cmTC_308c5.dir/link.txt --verbose=1
/usr/bin/gcc-11  -DCHECK_FUNCTION_EXISTS=cheev_ CMakeFiles/cmTC_308c5.dir/CheckFunctionExists.c.o -o cmTC_308c5  /usr/lib/x86_64-linux-gnu/libblas.so /usr/lib/x86_64-linux-gnu/libf77blas.so /usr/lib/x86_64-linux-gnu/libatlas.so -lm -ldl 
/usr/bin/ld: CMakeFiles/cmTC_308c5.dir/CheckFunctionExists.c.o: in function `main':
CheckFunctionExists.c:(.text+0x14): undefined reference to `cheev_'
collect2: error: ld returned 1 exit status
make[1]: *** [CMakeFiles/cmTC_308c5.dir/build.make:102: cmTC_308c5] Error 1
make[1]: Leaving directory '/mnt/c/WorkSpace/slam/VINS-Fusion/src/loop_fusion/Debug-build/CMakeFiles/CMakeTmp'
make: *** [Makefile:127: cmTC_308c5/fast] Error 2



Determining if the function cheev_ exists failed with the following output:
Change Dir: /mnt/c/WorkSpace/slam/VINS-Fusion/src/loop_fusion/Debug-build/CMakeFiles/CMakeTmp

Run Build Command(s):/usr/bin/make -f Makefile cmTC_2323c/fast && /usr/bin/make  -f CMakeFiles/cmTC_2323c.dir/build.make CMakeFiles/cmTC_2323c.dir/build
make[1]: Entering directory '/mnt/c/WorkSpace/slam/VINS-Fusion/src/loop_fusion/Debug-build/CMakeFiles/CMakeTmp'
Building C object CMakeFiles/cmTC_2323c.dir/CheckFunctionExists.c.o
/usr/bin/gcc-11   -DCHECK_FUNCTION_EXISTS=cheev_ -o CMakeFiles/cmTC_2323c.dir/CheckFunctionExists.c.o -c /usr/share/cmake-3.22/Modules/CheckFunctionExists.c
Linking C executable cmTC_2323c
/usr/bin/cmake -E cmake_link_script CMakeFiles/cmTC_2323c.dir/link.txt --verbose=1
/usr/bin/gcc-11  -DCHECK_FUNCTION_EXISTS=cheev_ CMakeFiles/cmTC_2323c.dir/CheckFunctionExists.c.o -o cmTC_2323c  /usr/lib/x86_64-linux-gnu/liblapack.so /usr/lib/x86_64-linux-gnu/libblas.so /usr/lib/x86_64-linux-gnu/libf77blas.so /usr/lib/x86_64-linux-gnu/libatlas.so -fortranlibs 
gcc-11: error: unrecognized command-line option ‘-fortranlibs’
make[1]: *** [CMakeFiles/cmTC_2323c.dir/build.make:103: cmTC_2323c] Error 1
make[1]: Leaving directory '/mnt/c/WorkSpace/slam/VINS-Fusion/src/loop_fusion/Debug-build/CMakeFiles/CMakeTmp'
make: *** [Makefile:127: cmTC_2323c/fast] Error 2



