Determining if the function sgemm_ exists failed with the following output:
Change Dir: /mnt/c/WorkSpace/slam/VINS-Fusion/src/global_fusion/Debug-build/CMakeFiles/CMakeTmp

Run Build Command(s):/usr/bin/make -f Makefile cmTC_94d27/fast && /usr/bin/make  -f CMakeFiles/cmTC_94d27.dir/build.make CMakeFiles/cmTC_94d27.dir/build
make[1]: Entering directory '/mnt/c/WorkSpace/slam/VINS-Fusion/src/global_fusion/Debug-build/CMakeFiles/CMakeTmp'
Building C object CMakeFiles/cmTC_94d27.dir/CheckFunctionExists.c.o
/usr/bin/gcc-11   -DCHECK_FUNCTION_EXISTS=sgemm_ -o CMakeFiles/cmTC_94d27.dir/CheckFunctionExists.c.o -c /usr/share/cmake-3.22/Modules/CheckFunctionExists.c
Linking C executable cmTC_94d27
/usr/bin/cmake -E cmake_link_script CMakeFiles/cmTC_94d27.dir/link.txt --verbose=1
/usr/bin/gcc-11  -DCHECK_FUNCTION_EXISTS=sgemm_ CMakeFiles/cmTC_94d27.dir/CheckFunctionExists.c.o -o cmTC_94d27 
/usr/bin/ld: CMakeFiles/cmTC_94d27.dir/CheckFunctionExists.c.o: in function `main':
CheckFunctionExists.c:(.text+0x14): undefined reference to `sgemm_'
collect2: error: ld returned 1 exit status
make[1]: *** [CMakeFiles/cmTC_94d27.dir/build.make:99: cmTC_94d27] Error 1
make[1]: Leaving directory '/mnt/c/WorkSpace/slam/VINS-Fusion/src/global_fusion/Debug-build/CMakeFiles/CMakeTmp'
make: *** [Makefile:127: cmTC_94d27/fast] Error 2



Determining if the function cheev_ exists failed with the following output:
Change Dir: /mnt/c/WorkSpace/slam/VINS-Fusion/src/global_fusion/Debug-build/CMakeFiles/CMakeTmp

Run Build Command(s):/usr/bin/make -f Makefile cmTC_d3c3c/fast && /usr/bin/make  -f CMakeFiles/cmTC_d3c3c.dir/build.make CMakeFiles/cmTC_d3c3c.dir/build
make[1]: Entering directory '/mnt/c/WorkSpace/slam/VINS-Fusion/src/global_fusion/Debug-build/CMakeFiles/CMakeTmp'
Building C object CMakeFiles/cmTC_d3c3c.dir/CheckFunctionExists.c.o
/usr/bin/gcc-11   -DCHECK_FUNCTION_EXISTS=cheev_ -o CMakeFiles/cmTC_d3c3c.dir/CheckFunctionExists.c.o -c /usr/share/cmake-3.22/Modules/CheckFunctionExists.c
Linking C executable cmTC_d3c3c
/usr/bin/cmake -E cmake_link_script CMakeFiles/cmTC_d3c3c.dir/link.txt --verbose=1
/usr/bin/gcc-11  -DCHECK_FUNCTION_EXISTS=cheev_ CMakeFiles/cmTC_d3c3c.dir/CheckFunctionExists.c.o -o cmTC_d3c3c  /usr/lib/x86_64-linux-gnu/libblas.so /usr/lib/x86_64-linux-gnu/libf77blas.so /usr/lib/x86_64-linux-gnu/libatlas.so -lm -ldl 
/usr/bin/ld: CMakeFiles/cmTC_d3c3c.dir/CheckFunctionExists.c.o: in function `main':
CheckFunctionExists.c:(.text+0x14): undefined reference to `cheev_'
collect2: error: ld returned 1 exit status
make[1]: *** [CMakeFiles/cmTC_d3c3c.dir/build.make:102: cmTC_d3c3c] Error 1
make[1]: Leaving directory '/mnt/c/WorkSpace/slam/VINS-Fusion/src/global_fusion/Debug-build/CMakeFiles/CMakeTmp'
make: *** [Makefile:127: cmTC_d3c3c/fast] Error 2



Determining if the function cheev_ exists failed with the following output:
Change Dir: /mnt/c/WorkSpace/slam/VINS-Fusion/src/global_fusion/Debug-build/CMakeFiles/CMakeTmp

Run Build Command(s):/usr/bin/make -f Makefile cmTC_04f0e/fast && /usr/bin/make  -f CMakeFiles/cmTC_04f0e.dir/build.make CMakeFiles/cmTC_04f0e.dir/build
make[1]: Entering directory '/mnt/c/WorkSpace/slam/VINS-Fusion/src/global_fusion/Debug-build/CMakeFiles/CMakeTmp'
Building C object CMakeFiles/cmTC_04f0e.dir/CheckFunctionExists.c.o
/usr/bin/gcc-11   -DCHECK_FUNCTION_EXISTS=cheev_ -o CMakeFiles/cmTC_04f0e.dir/CheckFunctionExists.c.o -c /usr/share/cmake-3.22/Modules/CheckFunctionExists.c
Linking C executable cmTC_04f0e
/usr/bin/cmake -E cmake_link_script CMakeFiles/cmTC_04f0e.dir/link.txt --verbose=1
/usr/bin/gcc-11  -DCHECK_FUNCTION_EXISTS=cheev_ CMakeFiles/cmTC_04f0e.dir/CheckFunctionExists.c.o -o cmTC_04f0e  /usr/lib/x86_64-linux-gnu/liblapack.so /usr/lib/x86_64-linux-gnu/libblas.so /usr/lib/x86_64-linux-gnu/libf77blas.so /usr/lib/x86_64-linux-gnu/libatlas.so -fortranlibs 
gcc-11: error: unrecognized command-line option ‘-fortranlibs’
make[1]: *** [CMakeFiles/cmTC_04f0e.dir/build.make:103: cmTC_04f0e] Error 1
make[1]: Leaving directory '/mnt/c/WorkSpace/slam/VINS-Fusion/src/global_fusion/Debug-build/CMakeFiles/CMakeTmp'
make: *** [Makefile:127: cmTC_04f0e/fast] Error 2



